ERROR - 2023-04-06 11:09:58 --> mysqli_sql_exception: Cannot add or update a child row: a foreign key constraint fails (`cityeduc`.`c_utilisateur`, CONSTRAINT `c_utilisateur_ibfk_1` FOREIGN KEY (`id_utilisateur_categorie`) REFERENCES `cs_utilisateur_categorie` (`id`)) in /opt/lampp/htdocs/cite-educative/system/Database/MySQLi/Connection.php:295
Stack trace:
#0 /opt/lampp/htdocs/cite-educative/system/Database/MySQLi/Connection.php(295): mysqli->query('INSERT INTO `c_...', 0)
#1 /opt/lampp/htdocs/cite-educative/system/Database/BaseConnection.php(691): CodeIgniter\Database\MySQLi\Connection->execute('INSERT INTO `c_...')
#2 /opt/lampp/htdocs/cite-educative/system/Database/BaseConnection.php(605): CodeIgniter\Database\BaseConnection->simpleQuery('INSERT INTO `c_...')
#3 /opt/lampp/htdocs/cite-educative/system/Database/BaseBuilder.php(2309): CodeIgniter\Database\BaseConnection->query('INSERT INTO `c_...', Array, false)
#4 /opt/lampp/htdocs/cite-educative/system/Model.php(330): CodeIgniter\Database\BaseBuilder->insert()
#5 /opt/lampp/htdocs/cite-educative/system/BaseModel.php(782): CodeIgniter\Model->doInsert(Array)
#6 /opt/lampp/htdocs/cite-educative/system/Model.php(730): CodeIgniter\BaseModel->insert(Array, true)
#7 /opt/lampp/htdocs/cite-educative/app/Controllers/Inscription.php(104): CodeIgniter\Model->insert(Array)
#8 /opt/lampp/htdocs/cite-educative/system/CodeIgniter.php(934): App\Controllers\Inscription->saveUtilisateur()
#9 /opt/lampp/htdocs/cite-educative/system/CodeIgniter.php(499): CodeIgniter\CodeIgniter->runController(Object(App\Controllers\Inscription))
#10 /opt/lampp/htdocs/cite-educative/system/CodeIgniter.php(368): CodeIgniter\CodeIgniter->handleRequest(NULL, Object(Config\Cache), false)
#11 /opt/lampp/htdocs/cite-educative/public/index.php(67): CodeIgniter\CodeIgniter->run()
#12 {main}
CRITICAL - 2023-04-06 11:09:58 --> Cannot add or update a child row: a foreign key constraint fails (`cityeduc`.`c_utilisateur`, CONSTRAINT `c_utilisateur_ibfk_1` FOREIGN KEY (`id_utilisateur_categorie`) REFERENCES `cs_utilisateur_categorie` (`id`))
in SYSTEMPATH/Database/BaseConnection.php on line 645.
 1 SYSTEMPATH/Database/BaseBuilder.php(2309): CodeIgniter\Database\BaseConnection->query('INSERT INTO `c_utilisateur` (`nom`, `id_utilisateur_categorie`, `email`, `mdp_1`, `mdp_2`, `condition_utilisation`, `condition_generale`) VALUES (:nom:, :id_utilisateur_categorie:, :email.1:, :mdp_1:, :mdp_2:, :condition_utilisation:, :condition_generale:)', [...], false)
 2 SYSTEMPATH/Model.php(330): CodeIgniter\Database\BaseBuilder->insert()
 3 SYSTEMPATH/BaseModel.php(782): CodeIgniter\Model->doInsert([...])
 4 SYSTEMPATH/Model.php(730): CodeIgniter\BaseModel->insert([...], true)
 5 APPPATH/Controllers/Inscription.php(104): CodeIgniter\Model->insert([...])
 6 SYSTEMPATH/CodeIgniter.php(934): App\Controllers\Inscription->saveUtilisateur()
 7 SYSTEMPATH/CodeIgniter.php(499): CodeIgniter\CodeIgniter->runController(Object(App\Controllers\Inscription))
 8 SYSTEMPATH/CodeIgniter.php(368): CodeIgniter\CodeIgniter->handleRequest(null, Object(Config\Cache), false)
 9 FCPATH/index.php(67): CodeIgniter\CodeIgniter->run()
ERROR - 2023-04-06 11:11:19 --> mysqli_sql_exception: Cannot add or update a child row: a foreign key constraint fails (`cityeduc`.`c_utilisateur`, CONSTRAINT `c_utilisateur_ibfk_1` FOREIGN KEY (`id_utilisateur_categorie`) REFERENCES `cs_utilisateur_categorie` (`id`)) in /opt/lampp/htdocs/cite-educative/system/Database/MySQLi/Connection.php:295
Stack trace:
#0 /opt/lampp/htdocs/cite-educative/system/Database/MySQLi/Connection.php(295): mysqli->query('INSERT INTO `c_...', 0)
#1 /opt/lampp/htdocs/cite-educative/system/Database/BaseConnection.php(691): CodeIgniter\Database\MySQLi\Connection->execute('INSERT INTO `c_...')
#2 /opt/lampp/htdocs/cite-educative/system/Database/BaseConnection.php(605): CodeIgniter\Database\BaseConnection->simpleQuery('INSERT INTO `c_...')
#3 /opt/lampp/htdocs/cite-educative/system/Database/BaseBuilder.php(2309): CodeIgniter\Database\BaseConnection->query('INSERT INTO `c_...', Array, false)
#4 /opt/lampp/htdocs/cite-educative/system/Model.php(330): CodeIgniter\Database\BaseBuilder->insert()
#5 /opt/lampp/htdocs/cite-educative/system/BaseModel.php(782): CodeIgniter\Model->doInsert(Array)
#6 /opt/lampp/htdocs/cite-educative/system/Model.php(730): CodeIgniter\BaseModel->insert(Array, true)
#7 /opt/lampp/htdocs/cite-educative/app/Controllers/Inscription.php(103): CodeIgniter\Model->insert(Array)
#8 /opt/lampp/htdocs/cite-educative/system/CodeIgniter.php(934): App\Controllers\Inscription->saveUtilisateur()
#9 /opt/lampp/htdocs/cite-educative/system/CodeIgniter.php(499): CodeIgniter\CodeIgniter->runController(Object(App\Controllers\Inscription))
#10 /opt/lampp/htdocs/cite-educative/system/CodeIgniter.php(368): CodeIgniter\CodeIgniter->handleRequest(NULL, Object(Config\Cache), false)
#11 /opt/lampp/htdocs/cite-educative/public/index.php(67): CodeIgniter\CodeIgniter->run()
#12 {main}
CRITICAL - 2023-04-06 11:11:19 --> Cannot add or update a child row: a foreign key constraint fails (`cityeduc`.`c_utilisateur`, CONSTRAINT `c_utilisateur_ibfk_1` FOREIGN KEY (`id_utilisateur_categorie`) REFERENCES `cs_utilisateur_categorie` (`id`))
in SYSTEMPATH/Database/BaseConnection.php on line 645.
 1 SYSTEMPATH/Database/BaseBuilder.php(2309): CodeIgniter\Database\BaseConnection->query('INSERT INTO `c_utilisateur` (`nom`, `id_utilisateur_categorie`, `email`, `mdp_1`, `mdp_2`, `condition_utilisation`, `condition_generale`) VALUES (:nom:, :id_utilisateur_categorie:, :email.1:, :mdp_1:, :mdp_2:, :condition_utilisation:, :condition_generale:)', [...], false)
 2 SYSTEMPATH/Model.php(330): CodeIgniter\Database\BaseBuilder->insert()
 3 SYSTEMPATH/BaseModel.php(782): CodeIgniter\Model->doInsert([...])
 4 SYSTEMPATH/Model.php(730): CodeIgniter\BaseModel->insert([...], true)
 5 APPPATH/Controllers/Inscription.php(103): CodeIgniter\Model->insert([...])
 6 SYSTEMPATH/CodeIgniter.php(934): App\Controllers\Inscription->saveUtilisateur()
 7 SYSTEMPATH/CodeIgniter.php(499): CodeIgniter\CodeIgniter->runController(Object(App\Controllers\Inscription))
 8 SYSTEMPATH/CodeIgniter.php(368): CodeIgniter\CodeIgniter->handleRequest(null, Object(Config\Cache), false)
 9 FCPATH/index.php(67): CodeIgniter\CodeIgniter->run()
