ERROR - 2023-07-28 07:00:51 --> Error connecting to the database: mysqli_sql_exception: Access denied for user 'u218692649_agora_ce'@'localhost' (using password: YES) in /opt/lampp/htdocs/cite-educative/system/Database/MySQLi/Connection.php:174
Stack trace:
#0 /opt/lampp/htdocs/cite-educative/system/Database/MySQLi/Connection.php(174): mysqli->real_connect('localhost', 'u218692649_agor...', '789+Agora-ce', 'u218692649_agor...', 3306, '', 0)
#1 /opt/lampp/htdocs/cite-educative/system/Database/BaseConnection.php(391): CodeIgniter\Database\MySQLi\Connection->connect(false)
#2 /opt/lampp/htdocs/cite-educative/system/Database/BaseConnection.php(573): CodeIgniter\Database\BaseConnection->initialize()
#3 /opt/lampp/htdocs/cite-educative/system/Database/BaseBuilder.php(1616): CodeIgniter\Database\BaseConnection->query('SELECT *\nFROM `...', Array, false)
#4 /opt/lampp/htdocs/cite-educative/system/Model.php(268): CodeIgniter\Database\BaseBuilder->get()
#5 /opt/lampp/htdocs/cite-educative/system/BaseModel.php(656): CodeIgniter\Model->doFirst()
#6 /opt/lampp/htdocs/cite-educative/app/Controllers/Inscription.php(172): CodeIgniter\BaseModel->first()
#7 /opt/lampp/htdocs/cite-educative/system/CodeIgniter.php(934): App\Controllers\Inscription->saveUtilisateur()
#8 /opt/lampp/htdocs/cite-educative/system/CodeIgniter.php(499): CodeIgniter\CodeIgniter->runController(Object(App\Controllers\Inscription))
#9 /opt/lampp/htdocs/cite-educative/system/CodeIgniter.php(368): CodeIgniter\CodeIgniter->handleRequest(NULL, Object(Config\Cache), false)
#10 /opt/lampp/htdocs/cite-educative/public/index.php(67): CodeIgniter\CodeIgniter->run()
#11 {main}

Next CodeIgniter\Database\Exceptions\DatabaseException: Access denied for user '****'@'localhost' (using password: YES) in /opt/lampp/htdocs/cite-educative/system/Database/MySQLi/Connection.php:218
Stack trace:
#0 /opt/lampp/htdocs/cite-educative/system/Database/BaseConnection.php(391): CodeIgniter\Database\MySQLi\Connection->connect(false)
#1 /opt/lampp/htdocs/cite-educative/system/Database/BaseConnection.php(573): CodeIgniter\Database\BaseConnection->initialize()
#2 /opt/lampp/htdocs/cite-educative/system/Database/BaseBuilder.php(1616): CodeIgniter\Database\BaseConnection->query('SELECT *\nFROM `...', Array, false)
#3 /opt/lampp/htdocs/cite-educative/system/Model.php(268): CodeIgniter\Database\BaseBuilder->get()
#4 /opt/lampp/htdocs/cite-educative/system/BaseModel.php(656): CodeIgniter\Model->doFirst()
#5 /opt/lampp/htdocs/cite-educative/app/Controllers/Inscription.php(172): CodeIgniter\BaseModel->first()
#6 /opt/lampp/htdocs/cite-educative/system/CodeIgniter.php(934): App\Controllers\Inscription->saveUtilisateur()
#7 /opt/lampp/htdocs/cite-educative/system/CodeIgniter.php(499): CodeIgniter\CodeIgniter->runController(Object(App\Controllers\Inscription))
#8 /opt/lampp/htdocs/cite-educative/system/CodeIgniter.php(368): CodeIgniter\CodeIgniter->handleRequest(NULL, Object(Config\Cache), false)
#9 /opt/lampp/htdocs/cite-educative/public/index.php(67): CodeIgniter\CodeIgniter->run()
#10 {main}
CRITICAL - 2023-07-28 07:00:51 --> Unable to connect to the database.
Main connection [MySQLi]: Access denied for user '****'@'localhost' (using password: YES)
in SYSTEMPATH/Database/BaseConnection.php on line 427.
 1 SYSTEMPATH/Database/BaseConnection.php(573): CodeIgniter\Database\BaseConnection->initialize()
 2 SYSTEMPATH/Database/BaseBuilder.php(1616): CodeIgniter\Database\BaseConnection->query('SELECT *
FROM `c_utilisateur`
WHERE `email` = :email:
 LIMIT 1', [...], false)
 3 SYSTEMPATH/Model.php(268): CodeIgniter\Database\BaseBuilder->get()
 4 SYSTEMPATH/BaseModel.php(656): CodeIgniter\Model->doFirst()
 5 APPPATH/Controllers/Inscription.php(172): CodeIgniter\BaseModel->first()
 6 SYSTEMPATH/CodeIgniter.php(934): App\Controllers\Inscription->saveUtilisateur()
 7 SYSTEMPATH/CodeIgniter.php(499): CodeIgniter\CodeIgniter->runController(Object(App\Controllers\Inscription))
 8 SYSTEMPATH/CodeIgniter.php(368): CodeIgniter\CodeIgniter->handleRequest(null, Object(Config\Cache), false)
 9 FCPATH/index.php(67): CodeIgniter\CodeIgniter->run()
CRITICAL - 2023-07-28 07:07:57 --> syntax error, unexpected token "else"
in APPPATH/Controllers/Inscription.php on line 1027.
 1 SYSTEMPATH/Autoloader/Autoloader.php(289): CodeIgniter\Autoloader\Autoloader->includeFile('APPPATH/Controllers/Inscription.php')
 2 SYSTEMPATH/Autoloader/Autoloader.php(267): CodeIgniter\Autoloader\Autoloader->loadInNamespace('App\\Controllers\\Inscription')
 3 [internal function]: CodeIgniter\Autoloader\Autoloader->loadClass('App\\Controllers\\Inscription')
 4 SYSTEMPATH/CodeIgniter.php(892): class_exists('\\App\\Controllers\\Inscription', true)
 5 SYSTEMPATH/CodeIgniter.php(486): CodeIgniter\CodeIgniter->startController()
 6 SYSTEMPATH/CodeIgniter.php(368): CodeIgniter\CodeIgniter->handleRequest(null, Object(Config\Cache), false)
 7 FCPATH/index.php(67): CodeIgniter\CodeIgniter->run()
CRITICAL - 2023-07-28 07:08:00 --> syntax error, unexpected token "else"
in APPPATH/Controllers/Inscription.php on line 1027.
 1 SYSTEMPATH/Autoloader/Autoloader.php(289): CodeIgniter\Autoloader\Autoloader->includeFile('APPPATH/Controllers/Inscription.php')
 2 SYSTEMPATH/Autoloader/Autoloader.php(267): CodeIgniter\Autoloader\Autoloader->loadInNamespace('App\\Controllers\\Inscription')
 3 [internal function]: CodeIgniter\Autoloader\Autoloader->loadClass('App\\Controllers\\Inscription')
 4 SYSTEMPATH/CodeIgniter.php(892): class_exists('\\App\\Controllers\\Inscription', true)
 5 SYSTEMPATH/CodeIgniter.php(486): CodeIgniter\CodeIgniter->startController()
 6 SYSTEMPATH/CodeIgniter.php(368): CodeIgniter\CodeIgniter->handleRequest(null, Object(Config\Cache), false)
 7 FCPATH/index.php(67): CodeIgniter\CodeIgniter->run()
CRITICAL - 2023-07-28 07:08:01 --> syntax error, unexpected token "else"
in APPPATH/Controllers/Inscription.php on line 1027.
 1 SYSTEMPATH/Autoloader/Autoloader.php(289): CodeIgniter\Autoloader\Autoloader->includeFile('APPPATH/Controllers/Inscription.php')
 2 SYSTEMPATH/Autoloader/Autoloader.php(267): CodeIgniter\Autoloader\Autoloader->loadInNamespace('App\\Controllers\\Inscription')
 3 [internal function]: CodeIgniter\Autoloader\Autoloader->loadClass('App\\Controllers\\Inscription')
 4 SYSTEMPATH/CodeIgniter.php(892): class_exists('\\App\\Controllers\\Inscription', true)
 5 SYSTEMPATH/CodeIgniter.php(486): CodeIgniter\CodeIgniter->startController()
 6 SYSTEMPATH/CodeIgniter.php(368): CodeIgniter\CodeIgniter->handleRequest(null, Object(Config\Cache), false)
 7 FCPATH/index.php(67): CodeIgniter\CodeIgniter->run()
CRITICAL - 2023-07-28 07:08:01 --> syntax error, unexpected token "else"
in APPPATH/Controllers/Inscription.php on line 1027.
 1 SYSTEMPATH/Autoloader/Autoloader.php(289): CodeIgniter\Autoloader\Autoloader->includeFile('APPPATH/Controllers/Inscription.php')
 2 SYSTEMPATH/Autoloader/Autoloader.php(267): CodeIgniter\Autoloader\Autoloader->loadInNamespace('App\\Controllers\\Inscription')
 3 [internal function]: CodeIgniter\Autoloader\Autoloader->loadClass('App\\Controllers\\Inscription')
 4 SYSTEMPATH/CodeIgniter.php(892): class_exists('\\App\\Controllers\\Inscription', true)
 5 SYSTEMPATH/CodeIgniter.php(486): CodeIgniter\CodeIgniter->startController()
 6 SYSTEMPATH/CodeIgniter.php(368): CodeIgniter\CodeIgniter->handleRequest(null, Object(Config\Cache), false)
 7 FCPATH/index.php(67): CodeIgniter\CodeIgniter->run()
CRITICAL - 2023-07-28 07:08:01 --> syntax error, unexpected token "else"
in APPPATH/Controllers/Inscription.php on line 1027.
 1 SYSTEMPATH/Autoloader/Autoloader.php(289): CodeIgniter\Autoloader\Autoloader->includeFile('APPPATH/Controllers/Inscription.php')
 2 SYSTEMPATH/Autoloader/Autoloader.php(267): CodeIgniter\Autoloader\Autoloader->loadInNamespace('App\\Controllers\\Inscription')
 3 [internal function]: CodeIgniter\Autoloader\Autoloader->loadClass('App\\Controllers\\Inscription')
 4 SYSTEMPATH/CodeIgniter.php(892): class_exists('\\App\\Controllers\\Inscription', true)
 5 SYSTEMPATH/CodeIgniter.php(486): CodeIgniter\CodeIgniter->startController()
 6 SYSTEMPATH/CodeIgniter.php(368): CodeIgniter\CodeIgniter->handleRequest(null, Object(Config\Cache), false)
 7 FCPATH/index.php(67): CodeIgniter\CodeIgniter->run()
CRITICAL - 2023-07-28 07:08:02 --> syntax error, unexpected token "else"
in APPPATH/Controllers/Inscription.php on line 1027.
 1 SYSTEMPATH/Autoloader/Autoloader.php(289): CodeIgniter\Autoloader\Autoloader->includeFile('APPPATH/Controllers/Inscription.php')
 2 SYSTEMPATH/Autoloader/Autoloader.php(267): CodeIgniter\Autoloader\Autoloader->loadInNamespace('App\\Controllers\\Inscription')
 3 [internal function]: CodeIgniter\Autoloader\Autoloader->loadClass('App\\Controllers\\Inscription')
 4 SYSTEMPATH/CodeIgniter.php(892): class_exists('\\App\\Controllers\\Inscription', true)
 5 SYSTEMPATH/CodeIgniter.php(486): CodeIgniter\CodeIgniter->startController()
 6 SYSTEMPATH/CodeIgniter.php(368): CodeIgniter\CodeIgniter->handleRequest(null, Object(Config\Cache), false)
 7 FCPATH/index.php(67): CodeIgniter\CodeIgniter->run()
CRITICAL - 2023-07-28 07:08:02 --> syntax error, unexpected token "else"
in APPPATH/Controllers/Inscription.php on line 1027.
 1 SYSTEMPATH/Autoloader/Autoloader.php(289): CodeIgniter\Autoloader\Autoloader->includeFile('APPPATH/Controllers/Inscription.php')
 2 SYSTEMPATH/Autoloader/Autoloader.php(267): CodeIgniter\Autoloader\Autoloader->loadInNamespace('App\\Controllers\\Inscription')
 3 [internal function]: CodeIgniter\Autoloader\Autoloader->loadClass('App\\Controllers\\Inscription')
 4 SYSTEMPATH/CodeIgniter.php(892): class_exists('\\App\\Controllers\\Inscription', true)
 5 SYSTEMPATH/CodeIgniter.php(486): CodeIgniter\CodeIgniter->startController()
 6 SYSTEMPATH/CodeIgniter.php(368): CodeIgniter\CodeIgniter->handleRequest(null, Object(Config\Cache), false)
 7 FCPATH/index.php(67): CodeIgniter\CodeIgniter->run()
CRITICAL - 2023-07-28 07:08:02 --> syntax error, unexpected token "else"
in APPPATH/Controllers/Inscription.php on line 1027.
 1 SYSTEMPATH/Autoloader/Autoloader.php(289): CodeIgniter\Autoloader\Autoloader->includeFile('APPPATH/Controllers/Inscription.php')
 2 SYSTEMPATH/Autoloader/Autoloader.php(267): CodeIgniter\Autoloader\Autoloader->loadInNamespace('App\\Controllers\\Inscription')
 3 [internal function]: CodeIgniter\Autoloader\Autoloader->loadClass('App\\Controllers\\Inscription')
 4 SYSTEMPATH/CodeIgniter.php(892): class_exists('\\App\\Controllers\\Inscription', true)
 5 SYSTEMPATH/CodeIgniter.php(486): CodeIgniter\CodeIgniter->startController()
 6 SYSTEMPATH/CodeIgniter.php(368): CodeIgniter\CodeIgniter->handleRequest(null, Object(Config\Cache), false)
 7 FCPATH/index.php(67): CodeIgniter\CodeIgniter->run()
ERROR - 2023-07-28 09:02:06 --> mysqli_sql_exception: Unknown column 'date_ins' in 'order clause' in /opt/lampp/htdocs/cite-educative/system/Database/MySQLi/Connection.php:295
Stack trace:
#0 /opt/lampp/htdocs/cite-educative/system/Database/MySQLi/Connection.php(295): mysqli->query('SELECT *\nFROM `...', 0)
#1 /opt/lampp/htdocs/cite-educative/system/Database/BaseConnection.php(691): CodeIgniter\Database\MySQLi\Connection->execute('SELECT *\nFROM `...')
#2 /opt/lampp/htdocs/cite-educative/system/Database/BaseConnection.php(605): CodeIgniter\Database\BaseConnection->simpleQuery('SELECT *\nFROM `...')
#3 /opt/lampp/htdocs/cite-educative/system/Database/BaseBuilder.php(1616): CodeIgniter\Database\BaseConnection->query('SELECT *\nFROM `...', Array, false)
#4 /opt/lampp/htdocs/cite-educative/system/Model.php(241): CodeIgniter\Database\BaseBuilder->get()
#5 /opt/lampp/htdocs/cite-educative/system/BaseModel.php(618): CodeIgniter\Model->doFindAll(20, 0)
#6 /opt/lampp/htdocs/cite-educative/system/BaseModel.php(1192): CodeIgniter\BaseModel->findAll(20, 0)
#7 /opt/lampp/htdocs/cite-educative/app/Models/V_act_stru_user.php(32): CodeIgniter\BaseModel->paginate(20)
#8 /opt/lampp/htdocs/cite-educative/app/Controllers/Admin/Acteur_validation.php(18): App\Models\V_act_stru_user->paginateacteurunactif(20, NULL)
#9 /opt/lampp/htdocs/cite-educative/system/CodeIgniter.php(934): App\Controllers\Admin\Acteur_validation->index()
#10 /opt/lampp/htdocs/cite-educative/system/CodeIgniter.php(499): CodeIgniter\CodeIgniter->runController(Object(App\Controllers\Admin\Acteur_validation))
#11 /opt/lampp/htdocs/cite-educative/system/CodeIgniter.php(368): CodeIgniter\CodeIgniter->handleRequest(NULL, Object(Config\Cache), false)
#12 /opt/lampp/htdocs/cite-educative/public/index.php(67): CodeIgniter\CodeIgniter->run()
#13 {main}
CRITICAL - 2023-07-28 09:02:07 --> Unknown column 'date_ins' in 'order clause'
in SYSTEMPATH/Database/BaseConnection.php on line 645.
 1 SYSTEMPATH/Database/BaseBuilder.php(1616): CodeIgniter\Database\BaseConnection->query('SELECT *
FROM `v_act_struct_user`
WHERE `etat` = :etat:
ORDER BY `date_ins`
 LIMIT 20', [...], false)
 2 SYSTEMPATH/Model.php(241): CodeIgniter\Database\BaseBuilder->get()
 3 SYSTEMPATH/BaseModel.php(618): CodeIgniter\Model->doFindAll(20, 0)
 4 SYSTEMPATH/BaseModel.php(1192): CodeIgniter\BaseModel->findAll(20, 0)
 5 APPPATH/Models/V_act_stru_user.php(32): CodeIgniter\BaseModel->paginate(20)
 6 APPPATH/Controllers/Admin/Acteur_validation.php(18): App\Models\V_act_stru_user->paginateacteurunactif(20, null)
 7 SYSTEMPATH/CodeIgniter.php(934): App\Controllers\Admin\Acteur_validation->index()
 8 SYSTEMPATH/CodeIgniter.php(499): CodeIgniter\CodeIgniter->runController(Object(App\Controllers\Admin\Acteur_validation))
 9 SYSTEMPATH/CodeIgniter.php(368): CodeIgniter\CodeIgniter->handleRequest(null, Object(Config\Cache), false)
10 FCPATH/index.php(67): CodeIgniter\CodeIgniter->run()
CRITICAL - 2023-07-28 09:48:03 --> Class "PhpOffice\PhpSpreadsheet\Spreadsheet" not found
in APPPATH/Controllers/Admin/Export.php on line 47.
 1 APPPATH/Controllers/Admin/Export.php(24): App\Controllers\Admin\Export->createSpreadsheet()
 2 SYSTEMPATH/CodeIgniter.php(934): App\Controllers\Admin\Export->acteur()
 3 SYSTEMPATH/CodeIgniter.php(499): CodeIgniter\CodeIgniter->runController(Object(App\Controllers\Admin\Export))
 4 SYSTEMPATH/CodeIgniter.php(368): CodeIgniter\CodeIgniter->handleRequest(null, Object(Config\Cache), false)
 5 FCPATH/index.php(67): CodeIgniter\CodeIgniter->run()
