CRITICAL - 2023-03-27 12:47:35 --> Invalid file: "static/landing/header.php"
in SYSTEMPATH/Exceptions/FrameworkException.php on line 33.
 1 SYSTEMPATH/View/View.php(201): CodeIgniter\Exceptions\FrameworkException::forInvalidFile('static/landing/header.php')
 2 SYSTEMPATH/Common.php(1184): CodeIgniter\View\View->render('static/landing/header', [], true)
 3 APPPATH/Controllers/LandingPage.php(14): view('static/landing/header')
 4 SYSTEMPATH/CodeIgniter.php(934): App\Controllers\LandingPage->landingPageTous()
 5 SYSTEMPATH/CodeIgniter.php(499): CodeIgniter\CodeIgniter->runController(Object(App\Controllers\LandingPage))
 6 SYSTEMPATH/CodeIgniter.php(368): CodeIgniter\CodeIgniter->handleRequest(null, Object(Config\Cache), false)
 7 FCPATH/index.php(67): CodeIgniter\CodeIgniter->run()
CRITICAL - 2023-03-27 12:49:15 --> Invalid file: "static/landing/header.php"
in SYSTEMPATH/Exceptions/FrameworkException.php on line 33.
 1 SYSTEMPATH/View/View.php(201): CodeIgniter\Exceptions\FrameworkException::forInvalidFile('static/landing/header.php')
 2 SYSTEMPATH/Common.php(1184): CodeIgniter\View\View->render('static/landing/header', [], true)
 3 APPPATH/Controllers/LandingPage.php(14): view('static/landing/header')
 4 SYSTEMPATH/CodeIgniter.php(934): App\Controllers\LandingPage->landingPageTous()
 5 SYSTEMPATH/CodeIgniter.php(499): CodeIgniter\CodeIgniter->runController(Object(App\Controllers\LandingPage))
 6 SYSTEMPATH/CodeIgniter.php(368): CodeIgniter\CodeIgniter->handleRequest(null, Object(Config\Cache), false)
 7 FCPATH/index.php(67): CodeIgniter\CodeIgniter->run()
CRITICAL - 2023-03-27 12:49:16 --> Invalid file: "static/landing/header.php"
in SYSTEMPATH/Exceptions/FrameworkException.php on line 33.
 1 SYSTEMPATH/View/View.php(201): CodeIgniter\Exceptions\FrameworkException::forInvalidFile('static/landing/header.php')
 2 SYSTEMPATH/Common.php(1184): CodeIgniter\View\View->render('static/landing/header', [], true)
 3 APPPATH/Controllers/LandingPage.php(14): view('static/landing/header')
 4 SYSTEMPATH/CodeIgniter.php(934): App\Controllers\LandingPage->landingPageTous()
 5 SYSTEMPATH/CodeIgniter.php(499): CodeIgniter\CodeIgniter->runController(Object(App\Controllers\LandingPage))
 6 SYSTEMPATH/CodeIgniter.php(368): CodeIgniter\CodeIgniter->handleRequest(null, Object(Config\Cache), false)
 7 FCPATH/index.php(67): CodeIgniter\CodeIgniter->run()
