CRITICAL - 2023-04-09 10:26:20 --> Argument 1 passed to CodeIgniter\BaseModel::doProtectFields() must be of the type array, int given, called in /opt/lampp/htdocs/cite-educative_dev/system/BaseModel.php on line 850
in SYSTEMPATH/BaseModel.php on line 1235.
 1 SYSTEMPATH/BaseModel.php(850): CodeIgniter\BaseModel->doProtectFields(1)
 2 APPPATH/Controllers/Inscription.php(346): CodeIgniter\BaseModel->insertBatch([...])
 3 SYSTEMPATH/CodeIgniter.php(934): App\Controllers\Inscription->inscriptionStructureChampActionSave()
 4 SYSTEMPATH/CodeIgniter.php(499): CodeIgniter\CodeIgniter->runController(Object(App\Controllers\Inscription))
 5 SYSTEMPATH/CodeIgniter.php(368): CodeIgniter\CodeIgniter->handleRequest(null, Object(Config\Cache), false)
 6 FCPATH/index.php(67): CodeIgniter\CodeIgniter->run()
ERROR - 2023-04-09 11:42:55 --> mysqli_sql_exception: Cannot add or update a child row: a foreign key constraint fails (`cityeduc`.`c_utilisateur_particularite_action`, CONSTRAINT `c_utilisateur_particularite_action_ibfk_2` FOREIGN KEY (`id_particularite_action`) REFERENCES `cs_particularite_action` (`id`)) in /opt/lampp/htdocs/cite-educative_dev/system/Database/MySQLi/Connection.php:295
Stack trace:
#0 /opt/lampp/htdocs/cite-educative_dev/system/Database/MySQLi/Connection.php(295): mysqli->query('INSERT INTO `c_...', 0)
#1 /opt/lampp/htdocs/cite-educative_dev/system/Database/BaseConnection.php(691): CodeIgniter\Database\MySQLi\Connection->execute('INSERT INTO `c_...')
#2 /opt/lampp/htdocs/cite-educative_dev/system/Database/BaseConnection.php(605): CodeIgniter\Database\BaseConnection->simpleQuery('INSERT INTO `c_...')
#3 /opt/lampp/htdocs/cite-educative_dev/system/Database/BaseBuilder.php(1801): CodeIgniter\Database\BaseConnection->query('INSERT INTO `c_...', NULL, false)
#4 /opt/lampp/htdocs/cite-educative_dev/system/Database/BaseBuilder.php(2192): CodeIgniter\Database\BaseBuilder->batchExecute('_insertBatch', 100)
#5 /opt/lampp/htdocs/cite-educative_dev/system/Model.php(364): CodeIgniter\Database\BaseBuilder->insertBatch(Array, NULL, 100)
#6 /opt/lampp/htdocs/cite-educative_dev/system/BaseModel.php(874): CodeIgniter\Model->doInsertBatch(Array, NULL, 100, false)
#7 /opt/lampp/htdocs/cite-educative_dev/app/Controllers/Inscription.php(475): CodeIgniter\BaseModel->insertBatch(Array)
#8 /opt/lampp/htdocs/cite-educative_dev/system/CodeIgniter.php(934): App\Controllers\Inscription->inscriptionStructureParticulariteActionSave()
#9 /opt/lampp/htdocs/cite-educative_dev/system/CodeIgniter.php(499): CodeIgniter\CodeIgniter->runController(Object(App\Controllers\Inscription))
#10 /opt/lampp/htdocs/cite-educative_dev/system/CodeIgniter.php(368): CodeIgniter\CodeIgniter->handleRequest(NULL, Object(Config\Cache), false)
#11 /opt/lampp/htdocs/cite-educative_dev/public/index.php(67): CodeIgniter\CodeIgniter->run()
#12 {main}
CRITICAL - 2023-04-09 11:42:55 --> Cannot add or update a child row: a foreign key constraint fails (`cityeduc`.`c_utilisateur_particularite_action`, CONSTRAINT `c_utilisateur_particularite_action_ibfk_2` FOREIGN KEY (`id_particularite_action`) REFERENCES `cs_particularite_action` (`id`))
in SYSTEMPATH/Database/BaseConnection.php on line 645.
 1 SYSTEMPATH/Database/BaseBuilder.php(1801): CodeIgniter\Database\BaseConnection->query('INSERT INTO `c_utilisateur_particularite_action` (`id_utilisateur`)
VALUES (1)', null, false)
 2 SYSTEMPATH/Database/BaseBuilder.php(2192): CodeIgniter\Database\BaseBuilder->batchExecute('_insertBatch', 100)
 3 SYSTEMPATH/Model.php(364): CodeIgniter\Database\BaseBuilder->insertBatch([...], null, 100)
 4 SYSTEMPATH/BaseModel.php(874): CodeIgniter\Model->doInsertBatch([...], null, 100, false)
 5 APPPATH/Controllers/Inscription.php(475): CodeIgniter\BaseModel->insertBatch([...])
 6 SYSTEMPATH/CodeIgniter.php(934): App\Controllers\Inscription->inscriptionStructureParticulariteActionSave()
 7 SYSTEMPATH/CodeIgniter.php(499): CodeIgniter\CodeIgniter->runController(Object(App\Controllers\Inscription))
 8 SYSTEMPATH/CodeIgniter.php(368): CodeIgniter\CodeIgniter->handleRequest(null, Object(Config\Cache), false)
 9 FCPATH/index.php(67): CodeIgniter\CodeIgniter->run()
CRITICAL - 2023-04-09 13:09:15 --> Call to undefined method CodeIgniter\Session\Session::merge()
in APPPATH/Controllers/Inscription.php on line 580.
 1 SYSTEMPATH/CodeIgniter.php(934): App\Controllers\Inscription->inscriptionStructureUploadFileSave()
 2 SYSTEMPATH/CodeIgniter.php(499): CodeIgniter\CodeIgniter->runController(Object(App\Controllers\Inscription))
 3 SYSTEMPATH/CodeIgniter.php(368): CodeIgniter\CodeIgniter->handleRequest(null, Object(Config\Cache), false)
 4 FCPATH/index.php(67): CodeIgniter\CodeIgniter->run()
